<?xml version="1.0" encoding="UTF-8"?>
<testsuite name="TestUserState" tests="1" skipped="0" failures="0" errors="0" timestamp="2022-04-18T10:37:26" hostname="SIZZLE-MACHINE" time="0.769">
  <properties/>
  <testcase name="add3Users()" classname="TestUserState" time="0.769"/>
  <system-out><![CDATA[]]></system-out>
  <system-err><![CDATA[]]></system-err>
</testsuite>
